<?xml version="1.0" encoding="UTF-8"?>
<testng-results ignored="0" total="2" passed="1" failed="1" skipped="0">
  <reporter-output>
  </reporter-output>
  <suite started-at="2025-01-14T10:17:26 ICT" name="AutomationTesting Suite" finished-at="2025-01-14T10:17:52 ICT" duration-ms="26067">
    <groups>
    </groups>
    <test started-at="2025-01-14T10:17:26 ICT" name="Register and Login Tests" finished-at="2025-01-14T10:17:52 ICT" duration-ms="26067">
      <class name="com.automationtesting.tests.LoginTest">
        <test-method is-config="true" signature="setUp()[pri:0, instance:com.automationtesting.tests.LoginTest@3e58a80e]" started-at="2025-01-14T10:17:44 ICT" name="setUp" finished-at="2025-01-14T10:17:44 ICT" duration-ms="685" status="PASS">
          <reporter-output>
          </reporter-output>
        </test-method> <!-- setUp -->
        <test-method signature="testLogin()[pri:0, instance:com.automationtesting.tests.LoginTest@3e58a80e]" started-at="2025-01-14T10:17:44 ICT" name="testLogin" finished-at="2025-01-14T10:17:52 ICT" depends-on-methods="com.automationtesting.tests.RegisterTest.testRegistration" duration-ms="7342" status="PASS">
          <reporter-output>
          </reporter-output>
        </test-method> <!-- testLogin -->
        <test-method is-config="true" signature="tearDown()[pri:0, instance:com.automationtesting.tests.LoginTest@3e58a80e]" started-at="2025-01-14T10:17:52 ICT" name="tearDown" finished-at="2025-01-14T10:17:52 ICT" duration-ms="183" status="PASS">
          <reporter-output>
          </reporter-output>
        </test-method> <!-- tearDown -->
      </class> <!-- com.automationtesting.tests.LoginTest -->
      <class name="com.automationtesting.tests.RegisterTest">
        <test-method is-config="true" signature="setUp()[pri:0, instance:com.automationtesting.tests.RegisterTest@5ffead27]" started-at="2025-01-14T10:17:26 ICT" name="setUp" finished-at="2025-01-14T10:17:28 ICT" duration-ms="1852" status="PASS">
          <reporter-output>
          </reporter-output>
        </test-method> <!-- setUp -->
        <test-method signature="testRegistration()[pri:0, instance:com.automationtesting.tests.RegisterTest@5ffead27]" started-at="2025-01-14T10:17:28 ICT" name="testRegistration" finished-at="2025-01-14T10:17:43 ICT" duration-ms="15754" status="FAIL">
          <exception class="java.lang.AssertionError">
            <message>
              <![CDATA[Đăng ký không thành công.]]>
            </message>
            <full-stacktrace>
              <![CDATA[java.lang.AssertionError: Đăng ký không thành công.
at org.testng.Assert.fail(Assert.java:111)
at com.automationtesting.tests.RegisterTest.testRegistration(RegisterTest.java:52)
at java.base/jdk.internal.reflect.DirectMethodHandleAccessor.invoke(DirectMethodHandleAccessor.java:103)
at java.base/java.lang.reflect.Method.invoke(Method.java:580)
at org.testng.internal.invokers.MethodInvocationHelper.invokeMethod(MethodInvocationHelper.java:139)
at org.testng.internal.invokers.TestInvoker.invokeMethod(TestInvoker.java:664)
at org.testng.internal.invokers.TestInvoker.invokeTestMethod(TestInvoker.java:227)
at org.testng.internal.invokers.MethodRunner.runInSequence(MethodRunner.java:50)
at org.testng.internal.invokers.TestInvoker$MethodInvocationAgent.invoke(TestInvoker.java:957)
at org.testng.internal.invokers.TestInvoker.invokeTestMethods(TestInvoker.java:200)
at org.testng.internal.invokers.TestMethodWorker.invokeTestMethods(TestMethodWorker.java:148)
at org.testng.internal.invokers.TestMethodWorker.run(TestMethodWorker.java:128)
at java.base/java.util.ArrayList.forEach(ArrayList.java:1596)
at org.testng.TestRunner.privateRun(TestRunner.java:848)
at org.testng.TestRunner.run(TestRunner.java:621)
at org.testng.SuiteRunner.runTest(SuiteRunner.java:443)
at org.testng.SuiteRunner.runSequentially(SuiteRunner.java:437)
at org.testng.SuiteRunner.privateRun(SuiteRunner.java:397)
at org.testng.SuiteRunner.run(SuiteRunner.java:336)
at org.testng.SuiteRunnerWorker.runSuite(SuiteRunnerWorker.java:52)
at org.testng.SuiteRunnerWorker.run(SuiteRunnerWorker.java:95)
at org.testng.TestNG.runSuitesSequentially(TestNG.java:1280)
at org.testng.TestNG.runSuitesLocally(TestNG.java:1200)
at org.testng.TestNG.runSuites(TestNG.java:1114)
at org.testng.TestNG.run(TestNG.java:1082)
at org.apache.maven.surefire.testng.TestNGExecutor.run(TestNGExecutor.java:324)
at org.apache.maven.surefire.testng.TestNGXmlTestSuite.execute(TestNGXmlTestSuite.java:74)
at org.apache.maven.surefire.testng.TestNGProvider.invoke(TestNGProvider.java:123)
at org.apache.maven.surefire.booter.ForkedBooter.runSuitesInProcess(ForkedBooter.java:456)
at org.apache.maven.surefire.booter.ForkedBooter.execute(ForkedBooter.java:169)
at org.apache.maven.surefire.booter.ForkedBooter.run(ForkedBooter.java:595)
at org.apache.maven.surefire.booter.ForkedBooter.main(ForkedBooter.java:581)
]]>
            </full-stacktrace>
          </exception> <!-- java.lang.AssertionError -->
          <reporter-output>
          </reporter-output>
        </test-method> <!-- testRegistration -->
        <test-method is-config="true" signature="tearDown()[pri:0, instance:com.automationtesting.tests.RegisterTest@5ffead27]" started-at="2025-01-14T10:17:43 ICT" name="tearDown" finished-at="2025-01-14T10:17:44 ICT" duration-ms="207" status="PASS">
          <reporter-output>
          </reporter-output>
        </test-method> <!-- tearDown -->
      </class> <!-- com.automationtesting.tests.RegisterTest -->
    </test> <!-- Register and Login Tests -->
  </suite> <!-- AutomationTesting Suite -->
</testng-results>
